<?xml version="1.0" encoding="UTF-8"?>
<!-- Generated by org.testng.reporters.JUnitReportReporter -->
<testsuite skipped="0" hostname="BLT060" name="Com.TestCases.ProductTestCase" tests="2" failures="0" timestamp="05 Mar 2020 09:12:30 GMT" time="18.314" errors="2">
  <testcase name="product" time="18.301" classname="Com.TestCases.ProductTestCase">
    <error type="org.openqa.selenium.NoSuchElementException" message="Cannot locate an element using xpath=//*[@id=&quot;search&quot;]/div[1]/div[2]/div/span[4]/div[1]/div[1]/div/span/div/div/div/div/div[2]/div[1]/div
For documentation on this error, please visit: https://www.seleniumhq.org/exceptions/no_such_element.html
Build info: version: &#039;3.141.59&#039;, revision: &#039;e82be7d358&#039;, time: &#039;2018-11-14T08:17:03&#039;
System info: host: &#039;BLT060&#039;, ip: &#039;192.168.0.60&#039;, os.name: &#039;Windows 7&#039;, os.arch: &#039;amd64&#039;, os.version: &#039;6.1&#039;, java.version: &#039;1.8.0_221&#039;
Driver info: driver.version: RemoteWebDriver">
      <![CDATA[org.openqa.selenium.NoSuchElementException: Cannot locate an element using xpath=//*[@id="search"]/div[1]/div[2]/div/span[4]/div[1]/div[1]/div/span/div/div/div/div/div[2]/div[1]/div
For documentation on this error, please visit: https://www.seleniumhq.org/exceptions/no_such_element.html
Build info: version: '3.141.59', revision: 'e82be7d358', time: '2018-11-14T08:17:03'
System info: host: 'BLT060', ip: '192.168.0.60', os.name: 'Windows 7', os.arch: 'amd64', os.version: '6.1', java.version: '1.8.0_221'
Driver info: driver.version: RemoteWebDriver
at org.openqa.selenium.remote.RemoteWebDriver.findElement(RemoteWebDriver.java:327)
at org.openqa.selenium.remote.RemoteWebDriver.findElementByXPath(RemoteWebDriver.java:428)
at org.openqa.selenium.By$ByXPath.findElement(By.java:353)
at org.openqa.selenium.remote.RemoteWebDriver.findElement(RemoteWebDriver.java:315)
at Com.Pages.ProductDetails.details_product(ProductDetails.java:18)
at Com.TestCases.ProductTestCase.product(ProductTestCase.java:21)
at sun.reflect.NativeMethodAccessorImpl.invoke0(Native Method)
at sun.reflect.NativeMethodAccessorImpl.invoke(Unknown Source)
at sun.reflect.DelegatingMethodAccessorImpl.invoke(Unknown Source)
at java.lang.reflect.Method.invoke(Unknown Source)
at org.testng.internal.MethodInvocationHelper.invokeMethod(MethodInvocationHelper.java:124)
at org.testng.internal.Invoker.invokeMethod(Invoker.java:583)
at org.testng.internal.Invoker.invokeTestMethod(Invoker.java:719)
at org.testng.internal.Invoker.invokeTestMethods(Invoker.java:989)
at org.testng.internal.TestMethodWorker.invokeTestMethods(TestMethodWorker.java:125)
at org.testng.internal.TestMethodWorker.run(TestMethodWorker.java:109)
at java.util.concurrent.ThreadPoolExecutor.runWorker(Unknown Source)
at java.util.concurrent.ThreadPoolExecutor$Worker.run(Unknown Source)
at java.lang.Thread.run(Unknown Source)
]]>
    </error>
  </testcase> <!-- product -->
  <testcase name="close" time="0.013" classname="Com.TestCases.ProductTestCase">
    <error type="java.lang.StackOverflowError">
      <![CDATA[java.lang.StackOverflowError
at Com.TestCases.ProductTestCase.close(ProductTestCase.java:26)
at Com.TestCases.ProductTestCase.close(ProductTestCase.java:26)
at Com.TestCases.ProductTestCase.close(ProductTestCase.java:26)
at Com.TestCases.ProductTestCase.close(ProductTestCase.java:26)
at Com.TestCases.ProductTestCase.close(ProductTestCase.java:26)
at Com.TestCases.ProductTestCase.close(ProductTestCase.java:26)
at Com.TestCases.ProductTestCase.close(ProductTestCase.java:26)
at Com.TestCases.ProductTestCase.close(ProductTestCase.java:26)
at Com.TestCases.ProductTestCase.close(ProductTestCase.java:26)
at Com.TestCases.ProductTestCase.close(ProductTestCase.java:26)
at Com.TestCases.ProductTestCase.close(ProductTestCase.java:26)
at Com.TestCases.ProductTestCase.close(ProductTestCase.java:26)
at Com.TestCases.ProductTestCase.close(ProductTestCase.java:26)
at Com.TestCases.ProductTestCase.close(ProductTestCase.java:26)
at Com.TestCases.ProductTestCase.close(ProductTestCase.java:26)
at Com.TestCases.ProductTestCase.close(ProductTestCase.java:26)
at Com.TestCases.ProductTestCase.close(ProductTestCase.java:26)
at Com.TestCases.ProductTestCase.close(ProductTestCase.java:26)
at Com.TestCases.ProductTestCase.close(ProductTestCase.java:26)
at Com.TestCases.ProductTestCase.close(ProductTestCase.java:26)
at Com.TestCases.ProductTestCase.close(ProductTestCase.java:26)
at Com.TestCases.ProductTestCase.close(ProductTestCase.java:26)
at Com.TestCases.ProductTestCase.close(ProductTestCase.java:26)
at Com.TestCases.ProductTestCase.close(ProductTestCase.java:26)
at Com.TestCases.ProductTestCase.close(ProductTestCase.java:26)
at Com.TestCases.ProductTestCase.close(ProductTestCase.java:26)
at Com.TestCases.ProductTestCase.close(ProductTestCase.java:26)
at Com.TestCases.ProductTestCase.close(ProductTestCase.java:26)
at Com.TestCases.ProductTestCase.close(ProductTestCase.java:26)
at Com.TestCases.ProductTestCase.close(ProductTestCase.java:26)
at Com.TestCases.ProductTestCase.close(ProductTestCase.java:26)
at Com.TestCases.ProductTestCase.close(ProductTestCase.java:26)
at Com.TestCases.ProductTestCase.close(ProductTestCase.java:26)
at Com.TestCases.ProductTestCase.close(ProductTestCase.java:26)
at Com.TestCases.ProductTestCase.close(ProductTestCase.java:26)
at Com.TestCases.ProductTestCase.close(ProductTestCase.java:26)
at Com.TestCases.ProductTestCase.close(ProductTestCase.java:26)
at Com.TestCases.ProductTestCase.close(ProductTestCase.java:26)
at Com.TestCases.ProductTestCase.close(ProductTestCase.java:26)
at Com.TestCases.ProductTestCase.close(ProductTestCase.java:26)
at Com.TestCases.ProductTestCase.close(ProductTestCase.java:26)
at Com.TestCases.ProductTestCase.close(ProductTestCase.java:26)
at Com.TestCases.ProductTestCase.close(ProductTestCase.java:26)
at Com.TestCases.ProductTestCase.close(ProductTestCase.java:26)
at Com.TestCases.ProductTestCase.close(ProductTestCase.java:26)
at Com.TestCases.ProductTestCase.close(ProductTestCase.java:26)
at Com.TestCases.ProductTestCase.close(ProductTestCase.java:26)
at Com.TestCases.ProductTestCase.close(ProductTestCase.java:26)
at Com.TestCases.ProductTestCase.close(ProductTestCase.java:26)
at Com.TestCases.ProductTestCase.close(ProductTestCase.java:26)
at Com.TestCases.ProductTestCase.close(ProductTestCase.java:26)
at Com.TestCases.ProductTestCase.close(ProductTestCase.java:26)
at Com.TestCases.ProductTestCase.close(ProductTestCase.java:26)
at Com.TestCases.ProductTestCase.close(ProductTestCase.java:26)
at Com.TestCases.ProductTestCase.close(ProductTestCase.java:26)
at Com.TestCases.ProductTestCase.close(ProductTestCase.java:26)
at Com.TestCases.ProductTestCase.close(ProductTestCase.java:26)
at Com.TestCases.ProductTestCase.close(ProductTestCase.java:26)
at Com.TestCases.ProductTestCase.close(ProductTestCase.java:26)
at Com.TestCases.ProductTestCase.close(ProductTestCase.java:26)
at Com.TestCases.ProductTestCase.close(ProductTestCase.java:26)
at Com.TestCases.ProductTestCase.close(ProductTestCase.java:26)
at Com.TestCases.ProductTestCase.close(ProductTestCase.java:26)
at Com.TestCases.ProductTestCase.close(ProductTestCase.java:26)
at Com.TestCases.ProductTestCase.close(ProductTestCase.java:26)
at Com.TestCases.ProductTestCase.close(ProductTestCase.java:26)
at Com.TestCases.ProductTestCase.close(ProductTestCase.java:26)
at Com.TestCases.ProductTestCase.close(ProductTestCase.java:26)
at Com.TestCases.ProductTestCase.close(ProductTestCase.java:26)
at Com.TestCases.ProductTestCase.close(ProductTestCase.java:26)
at Com.TestCases.ProductTestCase.close(ProductTestCase.java:26)
at Com.TestCases.ProductTestCase.close(ProductTestCase.java:26)
at Com.TestCases.ProductTestCase.close(ProductTestCase.java:26)
at Com.TestCases.ProductTestCase.close(ProductTestCase.java:26)
at Com.TestCases.ProductTestCase.close(ProductTestCase.java:26)
at Com.TestCases.ProductTestCase.close(ProductTestCase.java:26)
at Com.TestCases.ProductTestCase.close(ProductTestCase.java:26)
at Com.TestCases.ProductTestCase.close(ProductTestCase.java:26)
at Com.TestCases.ProductTestCase.close(ProductTestCase.java:26)
at Com.TestCases.ProductTestCase.close(ProductTestCase.java:26)
at Com.TestCases.ProductTestCase.close(ProductTestCase.java:26)
at Com.TestCases.ProductTestCase.close(ProductTestCase.java:26)
at Com.TestCases.ProductTestCase.close(ProductTestCase.java:26)
at Com.TestCases.ProductTestCase.close(ProductTestCase.java:26)
at Com.TestCases.ProductTestCase.close(ProductTestCase.java:26)
at Com.TestCases.ProductTestCase.close(ProductTestCase.java:26)
at Com.TestCases.ProductTestCase.close(ProductTestCase.java:26)
at Com.TestCases.ProductTestCase.close(ProductTestCase.java:26)
at Com.TestCases.ProductTestCase.close(ProductTestCase.java:26)
at Com.TestCases.ProductTestCase.close(ProductTestCase.java:26)
at Com.TestCases.ProductTestCase.close(ProductTestCase.java:26)
at Com.TestCases.ProductTestCase.close(ProductTestCase.java:26)
at Com.TestCases.ProductTestCase.close(ProductTestCase.java:26)
at Com.TestCases.ProductTestCase.close(ProductTestCase.java:26)
at Com.TestCases.ProductTestCase.close(ProductTestCase.java:26)
at Com.TestCases.ProductTestCase.close(ProductTestCase.java:26)
at Com.TestCases.ProductTestCase.close(ProductTestCase.java:26)
at Com.TestCases.ProductTestCase.close(ProductTestCase.java:26)
at Com.TestCases.ProductTestCase.close(ProductTestCase.java:26)
at Com.TestCases.ProductTestCase.close(ProductTestCase.java:26)
at Com.TestCases.ProductTestCase.close(ProductTestCase.java:26)
at Com.TestCases.ProductTestCase.close(ProductTestCase.java:26)
at Com.TestCases.ProductTestCase.close(ProductTestCase.java:26)
at Com.TestCases.ProductTestCase.close(ProductTestCase.java:26)
at Com.TestCases.ProductTestCase.close(ProductTestCase.java:26)
at Com.TestCases.ProductTestCase.close(ProductTestCase.java:26)
at Com.TestCases.ProductTestCase.close(ProductTestCase.java:26)
at Com.TestCases.ProductTestCase.close(ProductTestCase.java:26)
at Com.TestCases.ProductTestCase.close(ProductTestCase.java:26)
at Com.TestCases.ProductTestCase.close(ProductTestCase.java:26)
at Com.TestCases.ProductTestCase.close(ProductTestCase.java:26)
at Com.TestCases.ProductTestCase.close(ProductTestCase.java:26)
at Com.TestCases.ProductTestCase.close(ProductTestCase.java:26)
at Com.TestCases.ProductTestCase.close(ProductTestCase.java:26)
at Com.TestCases.ProductTestCase.close(ProductTestCase.java:26)
at Com.TestCases.ProductTestCase.close(ProductTestCase.java:26)
at Com.TestCases.ProductTestCase.close(ProductTestCase.java:26)
at Com.TestCases.ProductTestCase.close(ProductTestCase.java:26)
at Com.TestCases.ProductTestCase.close(ProductTestCase.java:26)
at Com.TestCases.ProductTestCase.close(ProductTestCase.java:26)
at Com.TestCases.ProductTestCase.close(ProductTestCase.java:26)
at Com.TestCases.ProductTestCase.close(ProductTestCase.java:26)
at Com.TestCases.ProductTestCase.close(ProductTestCase.java:26)
at Com.TestCases.ProductTestCase.close(ProductTestCase.java:26)
at Com.TestCases.ProductTestCase.close(ProductTestCase.java:26)
at Com.TestCases.ProductTestCase.close(ProductTestCase.java:26)
at Com.TestCases.ProductTestCase.close(ProductTestCase.java:26)
at Com.TestCases.ProductTestCase.close(ProductTestCase.java:26)
at Com.TestCases.ProductTestCase.close(ProductTestCase.java:26)
at Com.TestCases.ProductTestCase.close(ProductTestCase.java:26)
at Com.TestCases.ProductTestCase.close(ProductTestCase.java:26)
at Com.TestCases.ProductTestCase.close(ProductTestCase.java:26)
at Com.TestCases.ProductTestCase.close(ProductTestCase.java:26)
at Com.TestCases.ProductTestCase.close(ProductTestCase.java:26)
at Com.TestCases.ProductTestCase.close(ProductTestCase.java:26)
at Com.TestCases.ProductTestCase.close(ProductTestCase.java:26)
at Com.TestCases.ProductTestCase.close(ProductTestCase.java:26)
at Com.TestCases.ProductTestCase.close(ProductTestCase.java:26)
at Com.TestCases.ProductTestCase.close(ProductTestCase.java:26)
at Com.TestCases.ProductTestCase.close(ProductTestCase.java:26)
at Com.TestCases.ProductTestCase.close(ProductTestCase.java:26)
at Com.TestCases.ProductTestCase.close(ProductTestCase.java:26)
at Com.TestCases.ProductTestCase.close(ProductTestCase.java:26)
at Com.TestCases.ProductTestCase.close(ProductTestCase.java:26)
at Com.TestCases.ProductTestCase.close(ProductTestCase.java:26)
at Com.TestCases.ProductTestCase.close(ProductTestCase.java:26)
at Com.TestCases.ProductTestCase.close(ProductTestCase.java:26)
at Com.TestCases.ProductTestCase.close(ProductTestCase.java:26)
at Com.TestCases.ProductTestCase.close(ProductTestCase.java:26)
at Com.TestCases.ProductTestCase.close(ProductTestCase.java:26)
at Com.TestCases.ProductTestCase.close(ProductTestCase.java:26)
at Com.TestCases.ProductTestCase.close(ProductTestCase.java:26)
at Com.TestCases.ProductTestCase.close(ProductTestCase.java:26)
at Com.TestCases.ProductTestCase.close(ProductTestCase.java:26)
at Com.TestCases.ProductTestCase.close(ProductTestCase.java:26)
at Com.TestCases.ProductTestCase.close(ProductTestCase.java:26)
at Com.TestCases.ProductTestCase.close(ProductTestCase.java:26)
at Com.TestCases.ProductTestCase.close(ProductTestCase.java:26)
at Com.TestCases.ProductTestCase.close(ProductTestCase.java:26)
at Com.TestCases.ProductTestCase.close(ProductTestCase.java:26)
at Com.TestCases.ProductTestCase.close(ProductTestCase.java:26)
at Com.TestCases.ProductTestCase.close(ProductTestCase.java:26)
at Com.TestCases.ProductTestCase.close(ProductTestCase.java:26)
at Com.TestCases.ProductTestCase.close(ProductTestCase.java:26)
at Com.TestCases.ProductTestCase.close(ProductTestCase.java:26)
at Com.TestCases.ProductTestCase.close(ProductTestCase.java:26)
at Com.TestCases.ProductTestCase.close(ProductTestCase.java:26)
at Com.TestCases.ProductTestCase.close(ProductTestCase.java:26)
at Com.TestCases.ProductTestCase.close(ProductTestCase.java:26)
at Com.TestCases.ProductTestCase.close(ProductTestCase.java:26)
at Com.TestCases.ProductTestCase.close(ProductTestCase.java:26)
at Com.TestCases.ProductTestCase.close(ProductTestCase.java:26)
at Com.TestCases.ProductTestCase.close(ProductTestCase.java:26)
at Com.TestCases.ProductTestCase.close(ProductTestCase.java:26)
at Com.TestCases.ProductTestCase.close(ProductTestCase.java:26)
at Com.TestCases.ProductTestCase.close(ProductTestCase.java:26)
at Com.TestCases.ProductTestCase.close(ProductTestCase.java:26)
at Com.TestCases.ProductTestCase.close(ProductTestCase.java:26)
at Com.TestCases.ProductTestCase.close(ProductTestCase.java:26)
at Com.TestCases.ProductTestCase.close(ProductTestCase.java:26)
at Com.TestCases.ProductTestCase.close(ProductTestCase.java:26)
at Com.TestCases.ProductTestCase.close(ProductTestCase.java:26)
at Com.TestCases.ProductTestCase.close(ProductTestCase.java:26)
at Com.TestCases.ProductTestCase.close(ProductTestCase.java:26)
at Com.TestCases.ProductTestCase.close(ProductTestCase.java:26)
at Com.TestCases.ProductTestCase.close(ProductTestCase.java:26)
at Com.TestCases.ProductTestCase.close(ProductTestCase.java:26)
at Com.TestCases.ProductTestCase.close(ProductTestCase.java:26)
at Com.TestCases.ProductTestCase.close(ProductTestCase.java:26)
at Com.TestCases.ProductTestCase.close(ProductTestCase.java:26)
at Com.TestCases.ProductTestCase.close(ProductTestCase.java:26)
at Com.TestCases.ProductTestCase.close(ProductTestCase.java:26)
at Com.TestCases.ProductTestCase.close(ProductTestCase.java:26)
at Com.TestCases.ProductTestCase.close(ProductTestCase.java:26)
at Com.TestCases.ProductTestCase.close(ProductTestCase.java:26)
at Com.TestCases.ProductTestCase.close(ProductTestCase.java:26)
at Com.TestCases.ProductTestCase.close(ProductTestCase.java:26)
at Com.TestCases.ProductTestCase.close(ProductTestCase.java:26)
at Com.TestCases.ProductTestCase.close(ProductTestCase.java:26)
at Com.TestCases.ProductTestCase.close(ProductTestCase.java:26)
at Com.TestCases.ProductTestCase.close(ProductTestCase.java:26)
at Com.TestCases.ProductTestCase.close(ProductTestCase.java:26)
at Com.TestCases.ProductTestCase.close(ProductTestCase.java:26)
at Com.TestCases.ProductTestCase.close(ProductTestCase.java:26)
at Com.TestCases.ProductTestCase.close(ProductTestCase.java:26)
at Com.TestCases.ProductTestCase.close(ProductTestCase.java:26)
at Com.TestCases.ProductTestCase.close(ProductTestCase.java:26)
at Com.TestCases.ProductTestCase.close(ProductTestCase.java:26)
at Com.TestCases.ProductTestCase.close(ProductTestCase.java:26)
at Com.TestCases.ProductTestCase.close(ProductTestCase.java:26)
at Com.TestCases.ProductTestCase.close(ProductTestCase.java:26)
at Com.TestCases.ProductTestCase.close(ProductTestCase.java:26)
at Com.TestCases.ProductTestCase.close(ProductTestCase.java:26)
at Com.TestCases.ProductTestCase.close(ProductTestCase.java:26)
at Com.TestCases.ProductTestCase.close(ProductTestCase.java:26)
at Com.TestCases.ProductTestCase.close(ProductTestCase.java:26)
at Com.TestCases.ProductTestCase.close(ProductTestCase.java:26)
at Com.TestCases.ProductTestCase.close(ProductTestCase.java:26)
at Com.TestCases.ProductTestCase.close(ProductTestCase.java:26)
at Com.TestCases.ProductTestCase.close(ProductTestCase.java:26)
at Com.TestCases.ProductTestCase.close(ProductTestCase.java:26)
at Com.TestCases.ProductTestCase.close(ProductTestCase.java:26)
at Com.TestCases.ProductTestCase.close(ProductTestCase.java:26)
at Com.TestCases.ProductTestCase.close(ProductTestCase.java:26)
at Com.TestCases.ProductTestCase.close(ProductTestCase.java:26)
at Com.TestCases.ProductTestCase.close(ProductTestCase.java:26)
at Com.TestCases.ProductTestCase.close(ProductTestCase.java:26)
at Com.TestCases.ProductTestCase.close(ProductTestCase.java:26)
at Com.TestCases.ProductTestCase.close(ProductTestCase.java:26)
at Com.TestCases.ProductTestCase.close(ProductTestCase.java:26)
at Com.TestCases.ProductTestCase.close(ProductTestCase.java:26)
at Com.TestCases.ProductTestCase.close(ProductTestCase.java:26)
at Com.TestCases.ProductTestCase.close(ProductTestCase.java:26)
at Com.TestCases.ProductTestCase.close(ProductTestCase.java:26)
at Com.TestCases.ProductTestCase.close(ProductTestCase.java:26)
at Com.TestCases.ProductTestCase.close(ProductTestCase.java:26)
at Com.TestCases.ProductTestCase.close(ProductTestCase.java:26)
at Com.TestCases.ProductTestCase.close(ProductTestCase.java:26)
at Com.TestCases.ProductTestCase.close(ProductTestCase.java:26)
at Com.TestCases.ProductTestCase.close(ProductTestCase.java:26)
at Com.TestCases.ProductTestCase.close(ProductTestCase.java:26)
at Com.TestCases.ProductTestCase.close(ProductTestCase.java:26)
at Com.TestCases.ProductTestCase.close(ProductTestCase.java:26)
at Com.TestCases.ProductTestCase.close(ProductTestCase.java:26)
at Com.TestCases.ProductTestCase.close(ProductTestCase.java:26)
at Com.TestCases.ProductTestCase.close(ProductTestCase.java:26)
at Com.TestCases.ProductTestCase.close(ProductTestCase.java:26)
at Com.TestCases.ProductTestCase.close(ProductTestCase.java:26)
at Com.TestCases.ProductTestCase.close(ProductTestCase.java:26)
at Com.TestCases.ProductTestCase.close(ProductTestCase.java:26)
at Com.TestCases.ProductTestCase.close(ProductTestCase.java:26)
at Com.TestCases.ProductTestCase.close(ProductTestCase.java:26)
at Com.TestCases.ProductTestCase.close(ProductTestCase.java:26)
at Com.TestCases.ProductTestCase.close(ProductTestCase.java:26)
at Com.TestCases.ProductTestCase.close(ProductTestCase.java:26)
at Com.TestCases.ProductTestCase.close(ProductTestCase.java:26)
at Com.TestCases.ProductTestCase.close(ProductTestCase.java:26)
at Com.TestCases.ProductTestCase.close(ProductTestCase.java:26)
at Com.TestCases.ProductTestCase.close(ProductTestCase.java:26)
at Com.TestCases.ProductTestCase.close(ProductTestCase.java:26)
at Com.TestCases.ProductTestCase.close(ProductTestCase.java:26)
at Com.TestCases.ProductTestCase.close(ProductTestCase.java:26)
at Com.TestCases.ProductTestCase.close(ProductTestCase.java:26)
at Com.TestCases.ProductTestCase.close(ProductTestCase.java:26)
at Com.TestCases.ProductTestCase.close(ProductTestCase.java:26)
at Com.TestCases.ProductTestCase.close(ProductTestCase.java:26)
at Com.TestCases.ProductTestCase.close(ProductTestCase.java:26)
at Com.TestCases.ProductTestCase.close(ProductTestCase.java:26)
at Com.TestCases.ProductTestCase.close(ProductTestCase.java:26)
at Com.TestCases.ProductTestCase.close(ProductTestCase.java:26)
at Com.TestCases.ProductTestCase.close(ProductTestCase.java:26)
at Com.TestCases.ProductTestCase.close(ProductTestCase.java:26)
at Com.TestCases.ProductTestCase.close(ProductTestCase.java:26)
at Com.TestCases.ProductTestCase.close(ProductTestCase.java:26)
at Com.TestCases.ProductTestCase.close(ProductTestCase.java:26)
at Com.TestCases.ProductTestCase.close(ProductTestCase.java:26)
at Com.TestCases.ProductTestCase.close(ProductTestCase.java:26)
at Com.TestCases.ProductTestCase.close(ProductTestCase.java:26)
at Com.TestCases.ProductTestCase.close(ProductTestCase.java:26)
at Com.TestCases.ProductTestCase.close(ProductTestCase.java:26)
at Com.TestCases.ProductTestCase.close(ProductTestCase.java:26)
at Com.TestCases.ProductTestCase.close(ProductTestCase.java:26)
at Com.TestCases.ProductTestCase.close(ProductTestCase.java:26)
at Com.TestCases.ProductTestCase.close(ProductTestCase.java:26)
at Com.TestCases.ProductTestCase.close(ProductTestCase.java:26)
at Com.TestCases.ProductTestCase.close(ProductTestCase.java:26)
at Com.TestCases.ProductTestCase.close(ProductTestCase.java:26)
at Com.TestCases.ProductTestCase.close(ProductTestCase.java:26)
at Com.TestCases.ProductTestCase.close(ProductTestCase.java:26)
at Com.TestCases.ProductTestCase.close(ProductTestCase.java:26)
at Com.TestCases.ProductTestCase.close(ProductTestCase.java:26)
at Com.TestCases.ProductTestCase.close(ProductTestCase.java:26)
at Com.TestCases.ProductTestCase.close(ProductTestCase.java:26)
at Com.TestCases.ProductTestCase.close(ProductTestCase.java:26)
at Com.TestCases.ProductTestCase.close(ProductTestCase.java:26)
at Com.TestCases.ProductTestCase.close(ProductTestCase.java:26)
at Com.TestCases.ProductTestCase.close(ProductTestCase.java:26)
at Com.TestCases.ProductTestCase.close(ProductTestCase.java:26)
at Com.TestCases.ProductTestCase.close(ProductTestCase.java:26)
at Com.TestCases.ProductTestCase.close(ProductTestCase.java:26)
at Com.TestCases.ProductTestCase.close(ProductTestCase.java:26)
at Com.TestCases.ProductTestCase.close(ProductTestCase.java:26)
at Com.TestCases.ProductTestCase.close(ProductTestCase.java:26)
at Com.TestCases.ProductTestCase.close(ProductTestCase.java:26)
at Com.TestCases.ProductTestCase.close(ProductTestCase.java:26)
at Com.TestCases.ProductTestCase.close(ProductTestCase.java:26)
at Com.TestCases.ProductTestCase.close(ProductTestCase.java:26)
at Com.TestCases.ProductTestCase.close(ProductTestCase.java:26)
at Com.TestCases.ProductTestCase.close(ProductTestCase.java:26)
at Com.TestCases.ProductTestCase.close(ProductTestCase.java:26)
at Com.TestCases.ProductTestCase.close(ProductTestCase.java:26)
at Com.TestCases.ProductTestCase.close(ProductTestCase.java:26)
at Com.TestCases.ProductTestCase.close(ProductTestCase.java:26)
at Com.TestCases.ProductTestCase.close(ProductTestCase.java:26)
at Com.TestCases.ProductTestCase.close(ProductTestCase.java:26)
at Com.TestCases.ProductTestCase.close(ProductTestCase.java:26)
at Com.TestCases.ProductTestCase.close(ProductTestCase.java:26)
at Com.TestCases.ProductTestCase.close(ProductTestCase.java:26)
at Com.TestCases.ProductTestCase.close(ProductTestCase.java:26)
at Com.TestCases.ProductTestCase.close(ProductTestCase.java:26)
at Com.TestCases.ProductTestCase.close(ProductTestCase.java:26)
at Com.TestCases.ProductTestCase.close(ProductTestCase.java:26)
at Com.TestCases.ProductTestCase.close(ProductTestCase.java:26)
at Com.TestCases.ProductTestCase.close(ProductTestCase.java:26)
at Com.TestCases.ProductTestCase.close(ProductTestCase.java:26)
at Com.TestCases.ProductTestCase.close(ProductTestCase.java:26)
at Com.TestCases.ProductTestCase.close(ProductTestCase.java:26)
at Com.TestCases.ProductTestCase.close(ProductTestCase.java:26)
at Com.TestCases.ProductTestCase.close(ProductTestCase.java:26)
at Com.TestCases.ProductTestCase.close(ProductTestCase.java:26)
at Com.TestCases.ProductTestCase.close(ProductTestCase.java:26)
at Com.TestCases.ProductTestCase.close(ProductTestCase.java:26)
at Com.TestCases.ProductTestCase.close(ProductTestCase.java:26)
at Com.TestCases.ProductTestCase.close(ProductTestCase.java:26)
at Com.TestCases.ProductTestCase.close(ProductTestCase.java:26)
at Com.TestCases.ProductTestCase.close(ProductTestCase.java:26)
at Com.TestCases.ProductTestCase.close(ProductTestCase.java:26)
at Com.TestCases.ProductTestCase.close(ProductTestCase.java:26)
at Com.TestCases.ProductTestCase.close(ProductTestCase.java:26)
at Com.TestCases.ProductTestCase.close(ProductTestCase.java:26)
at Com.TestCases.ProductTestCase.close(ProductTestCase.java:26)
at Com.TestCases.ProductTestCase.close(ProductTestCase.java:26)
at Com.TestCases.ProductTestCase.close(ProductTestCase.java:26)
at Com.TestCases.ProductTestCase.close(ProductTestCase.java:26)
at Com.TestCases.ProductTestCase.close(ProductTestCase.java:26)
at Com.TestCases.ProductTestCase.close(ProductTestCase.java:26)
at Com.TestCases.ProductTestCase.close(ProductTestCase.java:26)
at Com.TestCases.ProductTestCase.close(ProductTestCase.java:26)
at Com.TestCases.ProductTestCase.close(ProductTestCase.java:26)
at Com.TestCases.ProductTestCase.close(ProductTestCase.java:26)
at Com.TestCases.ProductTestCase.close(ProductTestCase.java:26)
at Com.TestCases.ProductTestCase.close(ProductTestCase.java:26)
at Com.TestCases.ProductTestCase.close(ProductTestCase.java:26)
at Com.TestCases.ProductTestCase.close(ProductTestCase.java:26)
at Com.TestCases.ProductTestCase.close(ProductTestCase.java:26)
at Com.TestCases.ProductTestCase.close(ProductTestCase.java:26)
at Com.TestCases.ProductTestCase.close(ProductTestCase.java:26)
at Com.TestCases.ProductTestCase.close(ProductTestCase.java:26)
at Com.TestCases.ProductTestCase.close(ProductTestCase.java:26)
at Com.TestCases.ProductTestCase.close(ProductTestCase.java:26)
at Com.TestCases.ProductTestCase.close(ProductTestCase.java:26)
at Com.TestCases.ProductTestCase.close(ProductTestCase.java:26)
at Com.TestCases.ProductTestCase.close(ProductTestCase.java:26)
at Com.TestCases.ProductTestCase.close(ProductTestCase.java:26)
at Com.TestCases.ProductTestCase.close(ProductTestCase.java:26)
at Com.TestCases.ProductTestCase.close(ProductTestCase.java:26)
at Com.TestCases.ProductTestCase.close(ProductTestCase.java:26)
at Com.TestCases.ProductTestCase.close(ProductTestCase.java:26)
at Com.TestCases.ProductTestCase.close(ProductTestCase.java:26)
at Com.TestCases.ProductTestCase.close(ProductTestCase.java:26)
at Com.TestCases.ProductTestCase.close(ProductTestCase.java:26)
at Com.TestCases.ProductTestCase.close(ProductTestCase.java:26)
at Com.TestCases.ProductTestCase.close(ProductTestCase.java:26)
at Com.TestCases.ProductTestCase.close(ProductTestCase.java:26)
at Com.TestCases.ProductTestCase.close(ProductTestCase.java:26)
at Com.TestCases.ProductTestCase.close(ProductTestCase.java:26)
at Com.TestCases.ProductTestCase.close(ProductTestCase.java:26)
at Com.TestCases.ProductTestCase.close(ProductTestCase.java:26)
at Com.TestCases.ProductTestCase.close(ProductTestCase.java:26)
at Com.TestCases.ProductTestCase.close(ProductTestCase.java:26)
at Com.TestCases.ProductTestCase.close(ProductTestCase.java:26)
at Com.TestCases.ProductTestCase.close(ProductTestCase.java:26)
at Com.TestCases.ProductTestCase.close(ProductTestCase.java:26)
at Com.TestCases.ProductTestCase.close(ProductTestCase.java:26)
at Com.TestCases.ProductTestCase.close(ProductTestCase.java:26)
at Com.TestCases.ProductTestCase.close(ProductTestCase.java:26)
at Com.TestCases.ProductTestCase.close(ProductTestCase.java:26)
at Com.TestCases.ProductTestCase.close(ProductTestCase.java:26)
at Com.TestCases.ProductTestCase.close(ProductTestCase.java:26)
at Com.TestCases.ProductTestCase.close(ProductTestCase.java:26)
at Com.TestCases.ProductTestCase.close(ProductTestCase.java:26)
at Com.TestCases.ProductTestCase.close(ProductTestCase.java:26)
at Com.TestCases.ProductTestCase.close(ProductTestCase.java:26)
at Com.TestCases.ProductTestCase.close(ProductTestCase.java:26)
at Com.TestCases.ProductTestCase.close(ProductTestCase.java:26)
at Com.TestCases.ProductTestCase.close(ProductTestCase.java:26)
at Com.TestCases.ProductTestCase.close(ProductTestCase.java:26)
at Com.TestCases.ProductTestCase.close(ProductTestCase.java:26)
at Com.TestCases.ProductTestCase.close(ProductTestCase.java:26)
at Com.TestCases.ProductTestCase.close(ProductTestCase.java:26)
at Com.TestCases.ProductTestCase.close(ProductTestCase.java:26)
at Com.TestCases.ProductTestCase.close(ProductTestCase.java:26)
at Com.TestCases.ProductTestCase.close(ProductTestCase.java:26)
at Com.TestCases.ProductTestCase.close(ProductTestCase.java:26)
at Com.TestCases.ProductTestCase.close(ProductTestCase.java:26)
at Com.TestCases.ProductTestCase.close(ProductTestCase.java:26)
at Com.TestCases.ProductTestCase.close(ProductTestCase.java:26)
at Com.TestCases.ProductTestCase.close(ProductTestCase.java:26)
at Com.TestCases.ProductTestCase.close(ProductTestCase.java:26)
at Com.TestCases.ProductTestCase.close(ProductTestCase.java:26)
at Com.TestCases.ProductTestCase.close(ProductTestCase.java:26)
at Com.TestCases.ProductTestCase.close(ProductTestCase.java:26)
at Com.TestCases.ProductTestCase.close(ProductTestCase.java:26)
at Com.TestCases.ProductTestCase.close(ProductTestCase.java:26)
at Com.TestCases.ProductTestCase.close(ProductTestCase.java:26)
at Com.TestCases.ProductTestCase.close(ProductTestCase.java:26)
at Com.TestCases.ProductTestCase.close(ProductTestCase.java:26)
at Com.TestCases.ProductTestCase.close(ProductTestCase.java:26)
at Com.TestCases.ProductTestCase.close(ProductTestCase.java:26)
at Com.TestCases.ProductTestCase.close(ProductTestCase.java:26)
at Com.TestCases.ProductTestCase.close(ProductTestCase.java:26)
at Com.TestCases.ProductTestCase.close(ProductTestCase.java:26)
at Com.TestCases.ProductTestCase.close(ProductTestCase.java:26)
at Com.TestCases.ProductTestCase.close(ProductTestCase.java:26)
at Com.TestCases.ProductTestCase.close(ProductTestCase.java:26)
at Com.TestCases.ProductTestCase.close(ProductTestCase.java:26)
at Com.TestCases.ProductTestCase.close(ProductTestCase.java:26)
at Com.TestCases.ProductTestCase.close(ProductTestCase.java:26)
at Com.TestCases.ProductTestCase.close(ProductTestCase.java:26)
at Com.TestCases.ProductTestCase.close(ProductTestCase.java:26)
at Com.TestCases.ProductTestCase.close(ProductTestCase.java:26)
at Com.TestCases.ProductTestCase.close(ProductTestCase.java:26)
at Com.TestCases.ProductTestCase.close(ProductTestCase.java:26)
at Com.TestCases.ProductTestCase.close(ProductTestCase.java:26)
at Com.TestCases.ProductTestCase.close(ProductTestCase.java:26)
at Com.TestCases.ProductTestCase.close(ProductTestCase.java:26)
at Com.TestCases.ProductTestCase.close(ProductTestCase.java:26)
at Com.TestCases.ProductTestCase.close(ProductTestCase.java:26)
at Com.TestCases.ProductTestCase.close(ProductTestCase.java:26)
at Com.TestCases.ProductTestCase.close(ProductTestCase.java:26)
at Com.TestCases.ProductTestCase.close(ProductTestCase.java:26)
at Com.TestCases.ProductTestCase.close(ProductTestCase.java:26)
at Com.TestCases.ProductTestCase.close(ProductTestCase.java:26)
at Com.TestCases.ProductTestCase.close(ProductTestCase.java:26)
at Com.TestCases.ProductTestCase.close(ProductTestCase.java:26)
at Com.TestCases.ProductTestCase.close(ProductTestCase.java:26)
at Com.TestCases.ProductTestCase.close(ProductTestCase.java:26)
at Com.TestCases.ProductTestCase.close(ProductTestCase.java:26)
at Com.TestCases.ProductTestCase.close(ProductTestCase.java:26)
at Com.TestCases.ProductTestCase.close(ProductTestCase.java:26)
at Com.TestCases.ProductTestCase.close(ProductTestCase.java:26)
at Com.TestCases.ProductTestCase.close(ProductTestCase.java:26)
at Com.TestCases.ProductTestCase.close(ProductTestCase.java:26)
at Com.TestCases.ProductTestCase.close(ProductTestCase.java:26)
at Com.TestCases.ProductTestCase.close(ProductTestCase.java:26)
at Com.TestCases.ProductTestCase.close(ProductTestCase.java:26)
at Com.TestCases.ProductTestCase.close(ProductTestCase.java:26)
at Com.TestCases.ProductTestCase.close(ProductTestCase.java:26)
at Com.TestCases.ProductTestCase.close(ProductTestCase.java:26)
at Com.TestCases.ProductTestCase.close(ProductTestCase.java:26)
at Com.TestCases.ProductTestCase.close(ProductTestCase.java:26)
at Com.TestCases.ProductTestCase.close(ProductTestCase.java:26)
at Com.TestCases.ProductTestCase.close(ProductTestCase.java:26)
at Com.TestCases.ProductTestCase.close(ProductTestCase.java:26)
at Com.TestCases.ProductTestCase.close(ProductTestCase.java:26)
at Com.TestCases.ProductTestCase.close(ProductTestCase.java:26)
at Com.TestCases.ProductTestCase.close(ProductTestCase.java:26)
at Com.TestCases.ProductTestCase.close(ProductTestCase.java:26)
at Com.TestCases.ProductTestCase.close(ProductTestCase.java:26)
at Com.TestCases.ProductTestCase.close(ProductTestCase.java:26)
at Com.TestCases.ProductTestCase.close(ProductTestCase.java:26)
at Com.TestCases.ProductTestCase.close(ProductTestCase.java:26)
at Com.TestCases.ProductTestCase.close(ProductTestCase.java:26)
at Com.TestCases.ProductTestCase.close(ProductTestCase.java:26)
at Com.TestCases.ProductTestCase.close(ProductTestCase.java:26)
at Com.TestCases.ProductTestCase.close(ProductTestCase.java:26)
at Com.TestCases.ProductTestCase.close(ProductTestCase.java:26)
at Com.TestCases.ProductTestCase.close(ProductTestCase.java:26)
at Com.TestCases.ProductTestCase.close(ProductTestCase.java:26)
at Com.TestCases.ProductTestCase.close(ProductTestCase.java:26)
at Com.TestCases.ProductTestCase.close(ProductTestCase.java:26)
at Com.TestCases.ProductTestCase.close(ProductTestCase.java:26)
at Com.TestCases.ProductTestCase.close(ProductTestCase.java:26)
at Com.TestCases.ProductTestCase.close(ProductTestCase.java:26)
at Com.TestCases.ProductTestCase.close(ProductTestCase.java:26)
at Com.TestCases.ProductTestCase.close(ProductTestCase.java:26)
at Com.TestCases.ProductTestCase.close(ProductTestCase.java:26)
at Com.TestCases.ProductTestCase.close(ProductTestCase.java:26)
at Com.TestCases.ProductTestCase.close(ProductTestCase.java:26)
at Com.TestCases.ProductTestCase.close(ProductTestCase.java:26)
at Com.TestCases.ProductTestCase.close(ProductTestCase.java:26)
at Com.TestCases.ProductTestCase.close(ProductTestCase.java:26)
at Com.TestCases.ProductTestCase.close(ProductTestCase.java:26)
at Com.TestCases.ProductTestCase.close(ProductTestCase.java:26)
at Com.TestCases.ProductTestCase.close(ProductTestCase.java:26)
at Com.TestCases.ProductTestCase.close(ProductTestCase.java:26)
at Com.TestCases.ProductTestCase.close(ProductTestCase.java:26)
at Com.TestCases.ProductTestCase.close(ProductTestCase.java:26)
at Com.TestCases.ProductTestCase.close(ProductTestCase.java:26)
at Com.TestCases.ProductTestCase.close(ProductTestCase.java:26)
at Com.TestCases.ProductTestCase.close(ProductTestCase.java:26)
at Com.TestCases.ProductTestCase.close(ProductTestCase.java:26)
at Com.TestCases.ProductTestCase.close(ProductTestCase.java:26)
at Com.TestCases.ProductTestCase.close(ProductTestCase.java:26)
at Com.TestCases.ProductTestCase.close(ProductTestCase.java:26)
at Com.TestCases.ProductTestCase.close(ProductTestCase.java:26)
at Com.TestCases.ProductTestCase.close(ProductTestCase.java:26)
at Com.TestCases.ProductTestCase.close(ProductTestCase.java:26)
at Com.TestCases.ProductTestCase.close(ProductTestCase.java:26)
at Com.TestCases.ProductTestCase.close(ProductTestCase.java:26)
at Com.TestCases.ProductTestCase.close(ProductTestCase.java:26)
at Com.TestCases.ProductTestCase.close(ProductTestCase.java:26)
at Com.TestCases.ProductTestCase.close(ProductTestCase.java:26)
at Com.TestCases.ProductTestCase.close(ProductTestCase.java:26)
at Com.TestCases.ProductTestCase.close(ProductTestCase.java:26)
at Com.TestCases.ProductTestCase.close(ProductTestCase.java:26)
at Com.TestCases.ProductTestCase.close(ProductTestCase.java:26)
at Com.TestCases.ProductTestCase.close(ProductTestCase.java:26)
at Com.TestCases.ProductTestCase.close(ProductTestCase.java:26)
at Com.TestCases.ProductTestCase.close(ProductTestCase.java:26)
at Com.TestCases.ProductTestCase.close(ProductTestCase.java:26)
at Com.TestCases.ProductTestCase.close(ProductTestCase.java:26)
at Com.TestCases.ProductTestCase.close(ProductTestCase.java:26)
at Com.TestCases.ProductTestCase.close(ProductTestCase.java:26)
at Com.TestCases.ProductTestCase.close(ProductTestCase.java:26)
at Com.TestCases.ProductTestCase.close(ProductTestCase.java:26)
at Com.TestCases.ProductTestCase.close(ProductTestCase.java:26)
at Com.TestCases.ProductTestCase.close(ProductTestCase.java:26)
at Com.TestCases.ProductTestCase.close(ProductTestCase.java:26)
at Com.TestCases.ProductTestCase.close(ProductTestCase.java:26)
at Com.TestCases.ProductTestCase.close(ProductTestCase.java:26)
at Com.TestCases.ProductTestCase.close(ProductTestCase.java:26)
at Com.TestCases.ProductTestCase.close(ProductTestCase.java:26)
at Com.TestCases.ProductTestCase.close(ProductTestCase.java:26)
at Com.TestCases.ProductTestCase.close(ProductTestCase.java:26)
at Com.TestCases.ProductTestCase.close(ProductTestCase.java:26)
at Com.TestCases.ProductTestCase.close(ProductTestCase.java:26)
at Com.TestCases.ProductTestCase.close(ProductTestCase.java:26)
at Com.TestCases.ProductTestCase.close(ProductTestCase.java:26)
at Com.TestCases.ProductTestCase.close(ProductTestCase.java:26)
at Com.TestCases.ProductTestCase.close(ProductTestCase.java:26)
at Com.TestCases.ProductTestCase.close(ProductTestCase.java:26)
at Com.TestCases.ProductTestCase.close(ProductTestCase.java:26)
at Com.TestCases.ProductTestCase.close(ProductTestCase.java:26)
at Com.TestCases.ProductTestCase.close(ProductTestCase.java:26)
at Com.TestCases.ProductTestCase.close(ProductTestCase.java:26)
at Com.TestCases.ProductTestCase.close(ProductTestCase.java:26)
at Com.TestCases.ProductTestCase.close(ProductTestCase.java:26)
at Com.TestCases.ProductTestCase.close(ProductTestCase.java:26)
at Com.TestCases.ProductTestCase.close(ProductTestCase.java:26)
at Com.TestCases.ProductTestCase.close(ProductTestCase.java:26)
at Com.TestCases.ProductTestCase.close(ProductTestCase.java:26)
at Com.TestCases.ProductTestCase.close(ProductTestCase.java:26)
at Com.TestCases.ProductTestCase.close(ProductTestCase.java:26)
at Com.TestCases.ProductTestCase.close(ProductTestCase.java:26)
at Com.TestCases.ProductTestCase.close(ProductTestCase.java:26)
at Com.TestCases.ProductTestCase.close(ProductTestCase.java:26)
at Com.TestCases.ProductTestCase.close(ProductTestCase.java:26)
at Com.TestCases.ProductTestCase.close(ProductTestCase.java:26)
at Com.TestCases.ProductTestCase.close(ProductTestCase.java:26)
at Com.TestCases.ProductTestCase.close(ProductTestCase.java:26)
at Com.TestCases.ProductTestCase.close(ProductTestCase.java:26)
at Com.TestCases.ProductTestCase.close(ProductTestCase.java:26)
at Com.TestCases.ProductTestCase.close(ProductTestCase.java:26)
at Com.TestCases.ProductTestCase.close(ProductTestCase.java:26)
at Com.TestCases.ProductTestCase.close(ProductTestCase.java:26)
at Com.TestCases.ProductTestCase.close(ProductTestCase.java:26)
at Com.TestCases.ProductTestCase.close(ProductTestCase.java:26)
at Com.TestCases.ProductTestCase.close(ProductTestCase.java:26)
at Com.TestCases.ProductTestCase.close(ProductTestCase.java:26)
at Com.TestCases.ProductTestCase.close(ProductTestCase.java:26)
at Com.TestCases.ProductTestCase.close(ProductTestCase.java:26)
at Com.TestCases.ProductTestCase.close(ProductTestCase.java:26)
at Com.TestCases.ProductTestCase.close(ProductTestCase.java:26)
at Com.TestCases.ProductTestCase.close(ProductTestCase.java:26)
at Com.TestCases.ProductTestCase.close(ProductTestCase.java:26)
at Com.TestCases.ProductTestCase.close(ProductTestCase.java:26)
at Com.TestCases.ProductTestCase.close(ProductTestCase.java:26)
at Com.TestCases.ProductTestCase.close(ProductTestCase.java:26)
at Com.TestCases.ProductTestCase.close(ProductTestCase.java:26)
at Com.TestCases.ProductTestCase.close(ProductTestCase.java:26)
at Com.TestCases.ProductTestCase.close(ProductTestCase.java:26)
at Com.TestCases.ProductTestCase.close(ProductTestCase.java:26)
at Com.TestCases.ProductTestCase.close(ProductTestCase.java:26)
at Com.TestCases.ProductTestCase.close(ProductTestCase.java:26)
at Com.TestCases.ProductTestCase.close(ProductTestCase.java:26)
at Com.TestCases.ProductTestCase.close(ProductTestCase.java:26)
at Com.TestCases.ProductTestCase.close(ProductTestCase.java:26)
at Com.TestCases.ProductTestCase.close(ProductTestCase.java:26)
at Com.TestCases.ProductTestCase.close(ProductTestCase.java:26)
at Com.TestCases.ProductTestCase.close(ProductTestCase.java:26)
at Com.TestCases.ProductTestCase.close(ProductTestCase.java:26)
at Com.TestCases.ProductTestCase.close(ProductTestCase.java:26)
at Com.TestCases.ProductTestCase.close(ProductTestCase.java:26)
at Com.TestCases.ProductTestCase.close(ProductTestCase.java:26)
at Com.TestCases.ProductTestCase.close(ProductTestCase.java:26)
at Com.TestCases.ProductTestCase.close(ProductTestCase.java:26)
at Com.TestCases.ProductTestCase.close(ProductTestCase.java:26)
at Com.TestCases.ProductTestCase.close(ProductTestCase.java:26)
at Com.TestCases.ProductTestCase.close(ProductTestCase.java:26)
at Com.TestCases.ProductTestCase.close(ProductTestCase.java:26)
at Com.TestCases.ProductTestCase.close(ProductTestCase.java:26)
at Com.TestCases.ProductTestCase.close(ProductTestCase.java:26)
at Com.TestCases.ProductTestCase.close(ProductTestCase.java:26)
at Com.TestCases.ProductTestCase.close(ProductTestCase.java:26)
at Com.TestCases.ProductTestCase.close(ProductTestCase.java:26)
at Com.TestCases.ProductTestCase.close(ProductTestCase.java:26)
at Com.TestCases.ProductTestCase.close(ProductTestCase.java:26)
at Com.TestCases.ProductTestCase.close(ProductTestCase.java:26)
at Com.TestCases.ProductTestCase.close(ProductTestCase.java:26)
at Com.TestCases.ProductTestCase.close(ProductTestCase.java:26)
at Com.TestCases.ProductTestCase.close(ProductTestCase.java:26)
at Com.TestCases.ProductTestCase.close(ProductTestCase.java:26)
at Com.TestCases.ProductTestCase.close(ProductTestCase.java:26)
at Com.TestCases.ProductTestCase.close(ProductTestCase.java:26)
at Com.TestCases.ProductTestCase.close(ProductTestCase.java:26)
at Com.TestCases.ProductTestCase.close(ProductTestCase.java:26)
at Com.TestCases.ProductTestCase.close(ProductTestCase.java:26)
at Com.TestCases.ProductTestCase.close(ProductTestCase.java:26)
at Com.TestCases.ProductTestCase.close(ProductTestCase.java:26)
at Com.TestCases.ProductTestCase.close(ProductTestCase.java:26)
at Com.TestCases.ProductTestCase.close(ProductTestCase.java:26)
at Com.TestCases.ProductTestCase.close(ProductTestCase.java:26)
at Com.TestCases.ProductTestCase.close(ProductTestCase.java:26)
at Com.TestCases.ProductTestCase.close(ProductTestCase.java:26)
at Com.TestCases.ProductTestCase.close(ProductTestCase.java:26)
at Com.TestCases.ProductTestCase.close(ProductTestCase.java:26)
at Com.TestCases.ProductTestCase.close(ProductTestCase.java:26)
at Com.TestCases.ProductTestCase.close(ProductTestCase.java:26)
at Com.TestCases.ProductTestCase.close(ProductTestCase.java:26)
at Com.TestCases.ProductTestCase.close(ProductTestCase.java:26)
at Com.TestCases.ProductTestCase.close(ProductTestCase.java:26)
at Com.TestCases.ProductTestCase.close(ProductTestCase.java:26)
at Com.TestCases.ProductTestCase.close(ProductTestCase.java:26)
at Com.TestCases.ProductTestCase.close(ProductTestCase.java:26)
at Com.TestCases.ProductTestCase.close(ProductTestCase.java:26)
at Com.TestCases.ProductTestCase.close(ProductTestCase.java:26)
at Com.TestCases.ProductTestCase.close(ProductTestCase.java:26)
at Com.TestCases.ProductTestCase.close(ProductTestCase.java:26)
at Com.TestCases.ProductTestCase.close(ProductTestCase.java:26)
at Com.TestCases.ProductTestCase.close(ProductTestCase.java:26)
at Com.TestCases.ProductTestCase.close(ProductTestCase.java:26)
at Com.TestCases.ProductTestCase.close(ProductTestCase.java:26)
at Com.TestCases.ProductTestCase.close(ProductTestCase.java:26)
at Com.TestCases.ProductTestCase.close(ProductTestCase.java:26)
at Com.TestCases.ProductTestCase.close(ProductTestCase.java:26)
at Com.TestCases.ProductTestCase.close(ProductTestCase.java:26)
at Com.TestCases.ProductTestCase.close(ProductTestCase.java:26)
at Com.TestCases.ProductTestCase.close(ProductTestCase.java:26)
at Com.TestCases.ProductTestCase.close(ProductTestCase.java:26)
at Com.TestCases.ProductTestCase.close(ProductTestCase.java:26)
at Com.TestCases.ProductTestCase.close(ProductTestCase.java:26)
at Com.TestCases.ProductTestCase.close(ProductTestCase.java:26)
at Com.TestCases.ProductTestCase.close(ProductTestCase.java:26)
at Com.TestCases.ProductTestCase.close(ProductTestCase.java:26)
at Com.TestCases.ProductTestCase.close(ProductTestCase.java:26)
at Com.TestCases.ProductTestCase.close(ProductTestCase.java:26)
at Com.TestCases.ProductTestCase.close(ProductTestCase.java:26)
at Com.TestCases.ProductTestCase.close(ProductTestCase.java:26)
at Com.TestCases.ProductTestCase.close(ProductTestCase.java:26)
at Com.TestCases.ProductTestCase.close(ProductTestCase.java:26)
at Com.TestCases.ProductTestCase.close(ProductTestCase.java:26)
at Com.TestCases.ProductTestCase.close(ProductTestCase.java:26)
at Com.TestCases.ProductTestCase.close(ProductTestCase.java:26)
at Com.TestCases.ProductTestCase.close(ProductTestCase.java:26)
at Com.TestCases.ProductTestCase.close(ProductTestCase.java:26)
at Com.TestCases.ProductTestCase.close(ProductTestCase.java:26)
at Com.TestCases.ProductTestCase.close(ProductTestCase.java:26)
at Com.TestCases.ProductTestCase.close(ProductTestCase.java:26)
at Com.TestCases.ProductTestCase.close(ProductTestCase.java:26)
at Com.TestCases.ProductTestCase.close(ProductTestCase.java:26)
at Com.TestCases.ProductTestCase.close(ProductTestCase.java:26)
at Com.TestCases.ProductTestCase.close(ProductTestCase.java:26)
at Com.TestCases.ProductTestCase.close(ProductTestCase.java:26)
at Com.TestCases.ProductTestCase.close(ProductTestCase.java:26)
at Com.TestCases.ProductTestCase.close(ProductTestCase.java:26)
at Com.TestCases.ProductTestCase.close(ProductTestCase.java:26)
at Com.TestCases.ProductTestCase.close(ProductTestCase.java:26)
at Com.TestCases.ProductTestCase.close(ProductTestCase.java:26)
at Com.TestCases.ProductTestCase.close(ProductTestCase.java:26)
at Com.TestCases.ProductTestCase.close(ProductTestCase.java:26)
at Com.TestCases.ProductTestCase.close(ProductTestCase.java:26)
at Com.TestCases.ProductTestCase.close(ProductTestCase.java:26)
at Com.TestCases.ProductTestCase.close(ProductTestCase.java:26)
at Com.TestCases.ProductTestCase.close(ProductTestCase.java:26)
at Com.TestCases.ProductTestCase.close(ProductTestCase.java:26)
at Com.TestCases.ProductTestCase.close(ProductTestCase.java:26)
at Com.TestCases.ProductTestCase.close(ProductTestCase.java:26)
at Com.TestCases.ProductTestCase.close(ProductTestCase.java:26)
at Com.TestCases.ProductTestCase.close(ProductTestCase.java:26)
at Com.TestCases.ProductTestCase.close(ProductTestCase.java:26)
at Com.TestCases.ProductTestCase.close(ProductTestCase.java:26)
at Com.TestCases.ProductTestCase.close(ProductTestCase.java:26)
at Com.TestCases.ProductTestCase.close(ProductTestCase.java:26)
at Com.TestCases.ProductTestCase.close(ProductTestCase.java:26)
at Com.TestCases.ProductTestCase.close(ProductTestCase.java:26)
at Com.TestCases.ProductTestCase.close(ProductTestCase.java:26)
at Com.TestCases.ProductTestCase.close(ProductTestCase.java:26)
at Com.TestCases.ProductTestCase.close(ProductTestCase.java:26)
at Com.TestCases.ProductTestCase.close(ProductTestCase.java:26)
at Com.TestCases.ProductTestCase.close(ProductTestCase.java:26)
at Com.TestCases.ProductTestCase.close(ProductTestCase.java:26)
at Com.TestCases.ProductTestCase.close(ProductTestCase.java:26)
at Com.TestCases.ProductTestCase.close(ProductTestCase.java:26)
at Com.TestCases.ProductTestCase.close(ProductTestCase.java:26)
at Com.TestCases.ProductTestCase.close(ProductTestCase.java:26)
at Com.TestCases.ProductTestCase.close(ProductTestCase.java:26)
at Com.TestCases.ProductTestCase.close(ProductTestCase.java:26)
at Com.TestCases.ProductTestCase.close(ProductTestCase.java:26)
at Com.TestCases.ProductTestCase.close(ProductTestCase.java:26)
at Com.TestCases.ProductTestCase.close(ProductTestCase.java:26)
at Com.TestCases.ProductTestCase.close(ProductTestCase.java:26)
at Com.TestCases.ProductTestCase.close(ProductTestCase.java:26)
at Com.TestCases.ProductTestCase.close(ProductTestCase.java:26)
at Com.TestCases.ProductTestCase.close(ProductTestCase.java:26)
at Com.TestCases.ProductTestCase.close(ProductTestCase.java:26)
at Com.TestCases.ProductTestCase.close(ProductTestCase.java:26)
at Com.TestCases.ProductTestCase.close(ProductTestCase.java:26)
at Com.TestCases.ProductTestCase.close(ProductTestCase.java:26)
at Com.TestCases.ProductTestCase.close(ProductTestCase.java:26)
at Com.TestCases.ProductTestCase.close(ProductTestCase.java:26)
at Com.TestCases.ProductTestCase.close(ProductTestCase.java:26)
at Com.TestCases.ProductTestCase.close(ProductTestCase.java:26)
at Com.TestCases.ProductTestCase.close(ProductTestCase.java:26)
at Com.TestCases.ProductTestCase.close(ProductTestCase.java:26)
at Com.TestCases.ProductTestCase.close(ProductTestCase.java:26)
at Com.TestCases.ProductTestCase.close(ProductTestCase.java:26)
at Com.TestCases.ProductTestCase.close(ProductTestCase.java:26)
at Com.TestCases.ProductTestCase.close(ProductTestCase.java:26)
at Com.TestCases.ProductTestCase.close(ProductTestCase.java:26)
at Com.TestCases.ProductTestCase.close(ProductTestCase.java:26)
at Com.TestCases.ProductTestCase.close(ProductTestCase.java:26)
at Com.TestCases.ProductTestCase.close(ProductTestCase.java:26)
at Com.TestCases.ProductTestCase.close(ProductTestCase.java:26)
at Com.TestCases.ProductTestCase.close(ProductTestCase.java:26)
at Com.TestCases.ProductTestCase.close(ProductTestCase.java:26)
at Com.TestCases.ProductTestCase.close(ProductTestCase.java:26)
at Com.TestCases.ProductTestCase.close(ProductTestCase.java:26)
at Com.TestCases.ProductTestCase.close(ProductTestCase.java:26)
at Com.TestCases.ProductTestCase.close(ProductTestCase.java:26)
at Com.TestCases.ProductTestCase.close(ProductTestCase.java:26)
at Com.TestCases.ProductTestCase.close(ProductTestCase.java:26)
at Com.TestCases.ProductTestCase.close(ProductTestCase.java:26)
at Com.TestCases.ProductTestCase.close(ProductTestCase.java:26)
at Com.TestCases.ProductTestCase.close(ProductTestCase.java:26)
at Com.TestCases.ProductTestCase.close(ProductTestCase.java:26)
at Com.TestCases.ProductTestCase.close(ProductTestCase.java:26)
at Com.TestCases.ProductTestCase.close(ProductTestCase.java:26)
at Com.TestCases.ProductTestCase.close(ProductTestCase.java:26)
at Com.TestCases.ProductTestCase.close(ProductTestCase.java:26)
at Com.TestCases.ProductTestCase.close(ProductTestCase.java:26)
at Com.TestCases.ProductTestCase.close(ProductTestCase.java:26)
at Com.TestCases.ProductTestCase.close(ProductTestCase.java:26)
at Com.TestCases.ProductTestCase.close(ProductTestCase.java:26)
at Com.TestCases.ProductTestCase.close(ProductTestCase.java:26)
at Com.TestCases.ProductTestCase.close(ProductTestCase.java:26)
at Com.TestCases.ProductTestCase.close(ProductTestCase.java:26)
at Com.TestCases.ProductTestCase.close(ProductTestCase.java:26)
at Com.TestCases.ProductTestCase.close(ProductTestCase.java:26)
at Com.TestCases.ProductTestCase.close(ProductTestCase.java:26)
at Com.TestCases.ProductTestCase.close(ProductTestCase.java:26)
at Com.TestCases.ProductTestCase.close(ProductTestCase.java:26)
at Com.TestCases.ProductTestCase.close(ProductTestCase.java:26)
at Com.TestCases.ProductTestCase.close(ProductTestCase.java:26)
at Com.TestCases.ProductTestCase.close(ProductTestCase.java:26)
at Com.TestCases.ProductTestCase.close(ProductTestCase.java:26)
at Com.TestCases.ProductTestCase.close(ProductTestCase.java:26)
at Com.TestCases.ProductTestCase.close(ProductTestCase.java:26)
at Com.TestCases.ProductTestCase.close(ProductTestCase.java:26)
at Com.TestCases.ProductTestCase.close(ProductTestCase.java:26)
at Com.TestCases.ProductTestCase.close(ProductTestCase.java:26)
at Com.TestCases.ProductTestCase.close(ProductTestCase.java:26)
at Com.TestCases.ProductTestCase.close(ProductTestCase.java:26)
at Com.TestCases.ProductTestCase.close(ProductTestCase.java:26)
at Com.TestCases.ProductTestCase.close(ProductTestCase.java:26)
at Com.TestCases.ProductTestCase.close(ProductTestCase.java:26)
at Com.TestCases.ProductTestCase.close(ProductTestCase.java:26)
at Com.TestCases.ProductTestCase.close(ProductTestCase.java:26)
at Com.TestCases.ProductTestCase.close(ProductTestCase.java:26)
at Com.TestCases.ProductTestCase.close(ProductTestCase.java:26)
at Com.TestCases.ProductTestCase.close(ProductTestCase.java:26)
at Com.TestCases.ProductTestCase.close(ProductTestCase.java:26)
at Com.TestCases.ProductTestCase.close(ProductTestCase.java:26)
at Com.TestCases.ProductTestCase.close(ProductTestCase.java:26)
at Com.TestCases.ProductTestCase.close(ProductTestCase.java:26)
at Com.TestCases.ProductTestCase.close(ProductTestCase.java:26)
at Com.TestCases.ProductTestCase.close(ProductTestCase.java:26)
at Com.TestCases.ProductTestCase.close(ProductTestCase.java:26)
at Com.TestCases.ProductTestCase.close(ProductTestCase.java:26)
at Com.TestCases.ProductTestCase.close(ProductTestCase.java:26)
at Com.TestCases.ProductTestCase.close(ProductTestCase.java:26)
at Com.TestCases.ProductTestCase.close(ProductTestCase.java:26)
at Com.TestCases.ProductTestCase.close(ProductTestCase.java:26)
at Com.TestCases.ProductTestCase.close(ProductTestCase.java:26)
at Com.TestCases.ProductTestCase.close(ProductTestCase.java:26)
at Com.TestCases.ProductTestCase.close(ProductTestCase.java:26)
at Com.TestCases.ProductTestCase.close(ProductTestCase.java:26)
at Com.TestCases.ProductTestCase.close(ProductTestCase.java:26)
at Com.TestCases.ProductTestCase.close(ProductTestCase.java:26)
at Com.TestCases.ProductTestCase.close(ProductTestCase.java:26)
at Com.TestCases.ProductTestCase.close(ProductTestCase.java:26)
at Com.TestCases.ProductTestCase.close(ProductTestCase.java:26)
at Com.TestCases.ProductTestCase.close(ProductTestCase.java:26)
at Com.TestCases.ProductTestCase.close(ProductTestCase.java:26)
at Com.TestCases.ProductTestCase.close(ProductTestCase.java:26)
at Com.TestCases.ProductTestCase.close(ProductTestCase.java:26)
at Com.TestCases.ProductTestCase.close(ProductTestCase.java:26)
at Com.TestCases.ProductTestCase.close(ProductTestCase.java:26)
at Com.TestCases.ProductTestCase.close(ProductTestCase.java:26)
at Com.TestCases.ProductTestCase.close(ProductTestCase.java:26)
at Com.TestCases.ProductTestCase.close(ProductTestCase.java:26)
at Com.TestCases.ProductTestCase.close(ProductTestCase.java:26)
at Com.TestCases.ProductTestCase.close(ProductTestCase.java:26)
at Com.TestCases.ProductTestCase.close(ProductTestCase.java:26)
at Com.TestCases.ProductTestCase.close(ProductTestCase.java:26)
at Com.TestCases.ProductTestCase.close(ProductTestCase.java:26)
at Com.TestCases.ProductTestCase.close(ProductTestCase.java:26)
at Com.TestCases.ProductTestCase.close(ProductTestCase.java:26)
at Com.TestCases.ProductTestCase.close(ProductTestCase.java:26)
at Com.TestCases.ProductTestCase.close(ProductTestCase.java:26)
at Com.TestCases.ProductTestCase.close(ProductTestCase.java:26)
at Com.TestCases.ProductTestCase.close(ProductTestCase.java:26)
at Com.TestCases.ProductTestCase.close(ProductTestCase.java:26)
at Com.TestCases.ProductTestCase.close(ProductTestCase.java:26)
at Com.TestCases.ProductTestCase.close(ProductTestCase.java:26)
at Com.TestCases.ProductTestCase.close(ProductTestCase.java:26)
at Com.TestCases.ProductTestCase.close(ProductTestCase.java:26)
at Com.TestCases.ProductTestCase.close(ProductTestCase.java:26)
at Com.TestCases.ProductTestCase.close(ProductTestCase.java:26)
at Com.TestCases.ProductTestCase.close(ProductTestCase.java:26)
at Com.TestCases.ProductTestCase.close(ProductTestCase.java:26)
at Com.TestCases.ProductTestCase.close(ProductTestCase.java:26)
at Com.TestCases.ProductTestCase.close(ProductTestCase.java:26)
at Com.TestCases.ProductTestCase.close(ProductTestCase.java:26)
at Com.TestCases.ProductTestCase.close(ProductTestCase.java:26)
at Com.TestCases.ProductTestCase.close(ProductTestCase.java:26)
at Com.TestCases.ProductTestCase.close(ProductTestCase.java:26)
at Com.TestCases.ProductTestCase.close(ProductTestCase.java:26)
at Com.TestCases.ProductTestCase.close(ProductTestCase.java:26)
at Com.TestCases.ProductTestCase.close(ProductTestCase.java:26)
at Com.TestCases.ProductTestCase.close(ProductTestCase.java:26)
at Com.TestCases.ProductTestCase.close(ProductTestCase.java:26)
at Com.TestCases.ProductTestCase.close(ProductTestCase.java:26)
at Com.TestCases.ProductTestCase.close(ProductTestCase.java:26)
at Com.TestCases.ProductTestCase.close(ProductTestCase.java:26)
at Com.TestCases.ProductTestCase.close(ProductTestCase.java:26)
at Com.TestCases.ProductTestCase.close(ProductTestCase.java:26)
at Com.TestCases.ProductTestCase.close(ProductTestCase.java:26)
at Com.TestCases.ProductTestCase.close(ProductTestCase.java:26)
at Com.TestCases.ProductTestCase.close(ProductTestCase.java:26)
at Com.TestCases.ProductTestCase.close(ProductTestCase.java:26)
at Com.TestCases.ProductTestCase.close(ProductTestCase.java:26)
at Com.TestCases.ProductTestCase.close(ProductTestCase.java:26)
at Com.TestCases.ProductTestCase.close(ProductTestCase.java:26)
at Com.TestCases.ProductTestCase.close(ProductTestCase.java:26)
at Com.TestCases.ProductTestCase.close(ProductTestCase.java:26)
at Com.TestCases.ProductTestCase.close(ProductTestCase.java:26)
at Com.TestCases.ProductTestCase.close(ProductTestCase.java:26)
at Com.TestCases.ProductTestCase.close(ProductTestCase.java:26)
at Com.TestCases.ProductTestCase.close(ProductTestCase.java:26)
at Com.TestCases.ProductTestCase.close(ProductTestCase.java:26)
at Com.TestCases.ProductTestCase.close(ProductTestCase.java:26)
at Com.TestCases.ProductTestCase.close(ProductTestCase.java:26)
at Com.TestCases.ProductTestCase.close(ProductTestCase.java:26)
at Com.TestCases.ProductTestCase.close(ProductTestCase.java:26)
at Com.TestCases.ProductTestCase.close(ProductTestCase.java:26)
at Com.TestCases.ProductTestCase.close(ProductTestCase.java:26)
at Com.TestCases.ProductTestCase.close(ProductTestCase.java:26)
at Com.TestCases.ProductTestCase.close(ProductTestCase.java:26)
at Com.TestCases.ProductTestCase.close(ProductTestCase.java:26)
at Com.TestCases.ProductTestCase.close(ProductTestCase.java:26)
at Com.TestCases.ProductTestCase.close(ProductTestCase.java:26)
at Com.TestCases.ProductTestCase.close(ProductTestCase.java:26)
at Com.TestCases.ProductTestCase.close(ProductTestCase.java:26)
at Com.TestCases.ProductTestCase.close(ProductTestCase.java:26)
at Com.TestCases.ProductTestCase.close(ProductTestCase.java:26)
at Com.TestCases.ProductTestCase.close(ProductTestCase.java:26)
at Com.TestCases.ProductTestCase.close(ProductTestCase.java:26)
at Com.TestCases.ProductTestCase.close(ProductTestCase.java:26)
at Com.TestCases.ProductTestCase.close(ProductTestCase.java:26)
at Com.TestCases.ProductTestCase.close(ProductTestCase.java:26)
at Com.TestCases.ProductTestCase.close(ProductTestCase.java:26)
at Com.TestCases.ProductTestCase.close(ProductTestCase.java:26)
at Com.TestCases.ProductTestCase.close(ProductTestCase.java:26)
at Com.TestCases.ProductTestCase.close(ProductTestCase.java:26)
at Com.TestCases.ProductTestCase.close(ProductTestCase.java:26)
at Com.TestCases.ProductTestCase.close(ProductTestCase.java:26)
at Com.TestCases.ProductTestCase.close(ProductTestCase.java:26)
at Com.TestCases.ProductTestCase.close(ProductTestCase.java:26)
at Com.TestCases.ProductTestCase.close(ProductTestCase.java:26)
at Com.TestCases.ProductTestCase.close(ProductTestCase.java:26)
at Com.TestCases.ProductTestCase.close(ProductTestCase.java:26)
at Com.TestCases.ProductTestCase.close(ProductTestCase.java:26)
at Com.TestCases.ProductTestCase.close(ProductTestCase.java:26)
at Com.TestCases.ProductTestCase.close(ProductTestCase.java:26)
at Com.TestCases.ProductTestCase.close(ProductTestCase.java:26)
at Com.TestCases.ProductTestCase.close(ProductTestCase.java:26)
at Com.TestCases.ProductTestCase.close(ProductTestCase.java:26)
at Com.TestCases.ProductTestCase.close(ProductTestCase.java:26)
at Com.TestCases.ProductTestCase.close(ProductTestCase.java:26)
at Com.TestCases.ProductTestCase.close(ProductTestCase.java:26)
at Com.TestCases.ProductTestCase.close(ProductTestCase.java:26)
at Com.TestCases.ProductTestCase.close(ProductTestCase.java:26)
at Com.TestCases.ProductTestCase.close(ProductTestCase.java:26)
at Com.TestCases.ProductTestCase.close(ProductTestCase.java:26)
at Com.TestCases.ProductTestCase.close(ProductTestCase.java:26)
at Com.TestCases.ProductTestCase.close(ProductTestCase.java:26)
at Com.TestCases.ProductTestCase.close(ProductTestCase.java:26)
at Com.TestCases.ProductTestCase.close(ProductTestCase.java:26)
at Com.TestCases.ProductTestCase.close(ProductTestCase.java:26)
at Com.TestCases.ProductTestCase.close(ProductTestCase.java:26)
at Com.TestCases.ProductTestCase.close(ProductTestCase.java:26)
at Com.TestCases.ProductTestCase.close(ProductTestCase.java:26)
at Com.TestCases.ProductTestCase.close(ProductTestCase.java:26)
at Com.TestCases.ProductTestCase.close(ProductTestCase.java:26)
at Com.TestCases.ProductTestCase.close(ProductTestCase.java:26)
at Com.TestCases.ProductTestCase.close(ProductTestCase.java:26)
at Com.TestCases.ProductTestCase.close(ProductTestCase.java:26)
at Com.TestCases.ProductTestCase.close(ProductTestCase.java:26)
at Com.TestCases.ProductTestCase.close(ProductTestCase.java:26)
at Com.TestCases.ProductTestCase.close(ProductTestCase.java:26)
at Com.TestCases.ProductTestCase.close(ProductTestCase.java:26)
at Com.TestCases.ProductTestCase.close(ProductTestCase.java:26)
at Com.TestCases.ProductTestCase.close(ProductTestCase.java:26)
at Com.TestCases.ProductTestCase.close(ProductTestCase.java:26)
at Com.TestCases.ProductTestCase.close(ProductTestCase.java:26)
at Com.TestCases.ProductTestCase.close(ProductTestCase.java:26)
at Com.TestCases.ProductTestCase.close(ProductTestCase.java:26)
at Com.TestCases.ProductTestCase.close(ProductTestCase.java:26)
at Com.TestCases.ProductTestCase.close(ProductTestCase.java:26)
at Com.TestCases.ProductTestCase.close(ProductTestCase.java:26)
at Com.TestCases.ProductTestCase.close(ProductTestCase.java:26)
at Com.TestCases.ProductTestCase.close(ProductTestCase.java:26)
at Com.TestCases.ProductTestCase.close(ProductTestCase.java:26)
at Com.TestCases.ProductTestCase.close(ProductTestCase.java:26)
at Com.TestCases.ProductTestCase.close(ProductTestCase.java:26)
at Com.TestCases.ProductTestCase.close(ProductTestCase.java:26)
at Com.TestCases.ProductTestCase.close(ProductTestCase.java:26)
at Com.TestCases.ProductTestCase.close(ProductTestCase.java:26)
at Com.TestCases.ProductTestCase.close(ProductTestCase.java:26)
at Com.TestCases.ProductTestCase.close(ProductTestCase.java:26)
at Com.TestCases.ProductTestCase.close(ProductTestCase.java:26)
at Com.TestCases.ProductTestCase.close(ProductTestCase.java:26)
at Com.TestCases.ProductTestCase.close(ProductTestCase.java:26)
at Com.TestCases.ProductTestCase.close(ProductTestCase.java:26)
at Com.TestCases.ProductTestCase.close(ProductTestCase.java:26)
at Com.TestCases.ProductTestCase.close(ProductTestCase.java:26)
at Com.TestCases.ProductTestCase.close(ProductTestCase.java:26)
at Com.TestCases.ProductTestCase.close(ProductTestCase.java:26)
at Com.TestCases.ProductTestCase.close(ProductTestCase.java:26)
at Com.TestCases.ProductTestCase.close(ProductTestCase.java:26)
at Com.TestCases.ProductTestCase.close(ProductTestCase.java:26)
at Com.TestCases.ProductTestCase.close(ProductTestCase.java:26)
at Com.TestCases.ProductTestCase.close(ProductTestCase.java:26)
at Com.TestCases.ProductTestCase.close(ProductTestCase.java:26)
at Com.TestCases.ProductTestCase.close(ProductTestCase.java:26)
at Com.TestCases.ProductTestCase.close(ProductTestCase.java:26)
at Com.TestCases.ProductTestCase.close(ProductTestCase.java:26)
at Com.TestCases.ProductTestCase.close(ProductTestCase.java:26)
at Com.TestCases.ProductTestCase.close(ProductTestCase.java:26)
at Com.TestCases.ProductTestCase.close(ProductTestCase.java:26)
at Com.TestCases.ProductTestCase.close(ProductTestCase.java:26)
at Com.TestCases.ProductTestCase.close(ProductTestCase.java:26)
at Com.TestCases.ProductTestCase.close(ProductTestCase.java:26)
at Com.TestCases.ProductTestCase.close(ProductTestCase.java:26)
at Com.TestCases.ProductTestCase.close(ProductTestCase.java:26)
at Com.TestCases.ProductTestCase.close(ProductTestCase.java:26)
at Com.TestCases.ProductTestCase.close(ProductTestCase.java:26)
at Com.TestCases.ProductTestCase.close(ProductTestCase.java:26)
at Com.TestCases.ProductTestCase.close(ProductTestCase.java:26)
at Com.TestCases.ProductTestCase.close(ProductTestCase.java:26)
at Com.TestCases.ProductTestCase.close(ProductTestCase.java:26)
at Com.TestCases.ProductTestCase.close(ProductTestCase.java:26)
at Com.TestCases.ProductTestCase.close(ProductTestCase.java:26)
at Com.TestCases.ProductTestCase.close(ProductTestCase.java:26)
at Com.TestCases.ProductTestCase.close(ProductTestCase.java:26)
at Com.TestCases.ProductTestCase.close(ProductTestCase.java:26)
at Com.TestCases.ProductTestCase.close(ProductTestCase.java:26)
at Com.TestCases.ProductTestCase.close(ProductTestCase.java:26)
at Com.TestCases.ProductTestCase.close(ProductTestCase.java:26)
at Com.TestCases.ProductTestCase.close(ProductTestCase.java:26)
at Com.TestCases.ProductTestCase.close(ProductTestCase.java:26)
at Com.TestCases.ProductTestCase.close(ProductTestCase.java:26)
at Com.TestCases.ProductTestCase.close(ProductTestCase.java:26)
at Com.TestCases.ProductTestCase.close(ProductTestCase.java:26)
at Com.TestCases.ProductTestCase.close(ProductTestCase.java:26)
at Com.TestCases.ProductTestCase.close(ProductTestCase.java:26)
at Com.TestCases.ProductTestCase.close(ProductTestCase.java:26)
at Com.TestCases.ProductTestCase.close(ProductTestCase.java:26)
at Com.TestCases.ProductTestCase.close(ProductTestCase.java:26)
at Com.TestCases.ProductTestCase.close(ProductTestCase.java:26)
at Com.TestCases.ProductTestCase.close(ProductTestCase.java:26)
at Com.TestCases.ProductTestCase.close(ProductTestCase.java:26)
at Com.TestCases.ProductTestCase.close(ProductTestCase.java:26)
at Com.TestCases.ProductTestCase.close(ProductTestCase.java:26)
at Com.TestCases.ProductTestCase.close(ProductTestCase.java:26)
at Com.TestCases.ProductTestCase.close(ProductTestCase.java:26)
at Com.TestCases.ProductTestCase.close(ProductTestCase.java:26)
at Com.TestCases.ProductTestCase.close(ProductTestCase.java:26)
at Com.TestCases.ProductTestCase.close(ProductTestCase.java:26)
at Com.TestCases.ProductTestCase.close(ProductTestCase.java:26)
at Com.TestCases.ProductTestCase.close(ProductTestCase.java:26)
at Com.TestCases.ProductTestCase.close(ProductTestCase.java:26)
at Com.TestCases.ProductTestCase.close(ProductTestCase.java:26)
at Com.TestCases.ProductTestCase.close(ProductTestCase.java:26)
at Com.TestCases.ProductTestCase.close(ProductTestCase.java:26)
at Com.TestCases.ProductTestCase.close(ProductTestCase.java:26)
at Com.TestCases.ProductTestCase.close(ProductTestCase.java:26)
at Com.TestCases.ProductTestCase.close(ProductTestCase.java:26)
at Com.TestCases.ProductTestCase.close(ProductTestCase.java:26)
at Com.TestCases.ProductTestCase.close(ProductTestCase.java:26)
at Com.TestCases.ProductTestCase.close(ProductTestCase.java:26)
at Com.TestCases.ProductTestCase.close(ProductTestCase.java:26)
at Com.TestCases.ProductTestCase.close(ProductTestCase.java:26)
at Com.TestCases.ProductTestCase.close(ProductTestCase.java:26)
at Com.TestCases.ProductTestCase.close(ProductTestCase.java:26)
at Com.TestCases.ProductTestCase.close(ProductTestCase.java:26)
at Com.TestCases.ProductTestCase.close(ProductTestCase.java:26)
at Com.TestCases.ProductTestCase.close(ProductTestCase.java:26)
at Com.TestCases.ProductTestCase.close(ProductTestCase.java:26)
at Com.TestCases.ProductTestCase.close(ProductTestCase.java:26)
at Com.TestCases.ProductTestCase.close(ProductTestCase.java:26)
at Com.TestCases.ProductTestCase.close(ProductTestCase.java:26)
at Com.TestCases.ProductTestCase.close(ProductTestCase.java:26)
]]>
    </error>
  </testcase> <!-- close -->
</testsuite> <!-- Com.TestCases.ProductTestCase -->
