<?xml version="1.0" encoding="UTF-8"?>
<!-- Generated by org.testng.reporters.JUnitReportReporter -->
<testsuite skipped="0" hostname="BLT060" name="Com.TestCases.SearchTestCase" tests="1" failures="0" timestamp="05 Mar 2020 09:12:30 GMT" time="23.143" errors="0">
  <testcase name="search" time="23.143" classname="Com.TestCases.SearchTestCase"/>
</testsuite> <!-- Com.TestCases.SearchTestCase -->
